<?xml version="1.0" encoding="UTF-8"?>
<!-- Generated by org.testng.reporters.JUnitReportReporter -->
<testsuite hostname="DESKTOP-H9MMP7L" failures="0" tests="1" name="base.baseClass" time="0.023" errors="0" timestamp="2021-09-23T22:20:31 IST" skipped="0">
  <testcase classname="base.baseClass" name="f" time="0.023"/>
  <system-out/>
</testsuite> <!-- base.baseClass -->
