<?xml version="1.0" encoding="UTF-8"?>
<!-- Generated by org.testng.reporters.JUnitReportReporter -->
<testsuite hostname="DESKTOP-H9MMP7L" failures="0" tests="2" name="testNG_Practice.firstExample" time="18.523" errors="0" timestamp="2021-09-27T23:17:25 IST" skipped="0">
  <testcase classname="testNG_Practice.firstExample" name="firstEample" time="7.850"/>
  <system-out/>
  <testcase classname="testNG_Practice.firstExample" name="secondExample" time="10.673"/>
  <system-out/>
</testsuite> <!-- testNG_Practice.firstExample -->
